mode: set
github.com/Ulbora/FlicPrep/flicPrep.go:18.60,21.18 3 1
github.com/Ulbora/FlicPrep/flicPrep.go:66.2,66.13 1 1
github.com/Ulbora/FlicPrep/flicPrep.go:21.18,23.40 1 1
github.com/Ulbora/FlicPrep/flicPrep.go:57.3,57.31 1 1
github.com/Ulbora/FlicPrep/flicPrep.go:63.3,63.28 1 1
github.com/Ulbora/FlicPrep/flicPrep.go:23.40,24.14 1 1
github.com/Ulbora/FlicPrep/flicPrep.go:28.4,28.55 1 1
github.com/Ulbora/FlicPrep/flicPrep.go:24.14,25.13 1 1
github.com/Ulbora/FlicPrep/flicPrep.go:28.55,34.24 4 1
github.com/Ulbora/FlicPrep/flicPrep.go:34.24,36.21 2 1
github.com/Ulbora/FlicPrep/flicPrep.go:36.21,37.27 1 1
github.com/Ulbora/FlicPrep/flicPrep.go:37.27,40.15 2 1
github.com/Ulbora/FlicPrep/flicPrep.go:40.15,42.9 1 1
github.com/Ulbora/FlicPrep/flicPrep.go:46.11,49.13 2 1
github.com/Ulbora/FlicPrep/flicPrep.go:49.13,51.7 1 1
github.com/Ulbora/FlicPrep/flicPrep.go:57.31,59.4 1 1
github.com/Ulbora/FlicPrep/flicPrep.go:69.58,97.23 19 1
github.com/Ulbora/FlicPrep/flicPrep.go:106.2,108.9 3 1
github.com/Ulbora/FlicPrep/flicPrep.go:116.2,116.17 1 1
github.com/Ulbora/FlicPrep/flicPrep.go:97.23,99.3 1 1
github.com/Ulbora/FlicPrep/flicPrep.go:99.8,101.3 1 1
github.com/Ulbora/FlicPrep/flicPrep.go:108.9,111.3 2 1
github.com/Ulbora/FlicPrep/flicPrep.go:119.49,123.21 3 1
github.com/Ulbora/FlicPrep/flicPrep.go:129.2,129.21 1 1
github.com/Ulbora/FlicPrep/flicPrep.go:137.2,137.21 1 1
github.com/Ulbora/FlicPrep/flicPrep.go:143.2,145.21 2 1
github.com/Ulbora/FlicPrep/flicPrep.go:156.2,156.12 1 1
github.com/Ulbora/FlicPrep/flicPrep.go:123.21,125.3 1 0
github.com/Ulbora/FlicPrep/flicPrep.go:125.8,127.3 1 1
github.com/Ulbora/FlicPrep/flicPrep.go:129.21,131.3 1 0
github.com/Ulbora/FlicPrep/flicPrep.go:131.8,131.28 1 1
github.com/Ulbora/FlicPrep/flicPrep.go:131.28,133.3 1 0
github.com/Ulbora/FlicPrep/flicPrep.go:133.8,135.3 1 1
github.com/Ulbora/FlicPrep/flicPrep.go:137.21,139.3 1 0
github.com/Ulbora/FlicPrep/flicPrep.go:139.8,141.3 1 1
github.com/Ulbora/FlicPrep/flicPrep.go:145.21,147.3 1 0
github.com/Ulbora/FlicPrep/flicPrep.go:147.8,147.28 1 1
github.com/Ulbora/FlicPrep/flicPrep.go:147.28,149.3 1 0
github.com/Ulbora/FlicPrep/flicPrep.go:149.8,149.28 1 1
github.com/Ulbora/FlicPrep/flicPrep.go:149.28,151.3 1 0
github.com/Ulbora/FlicPrep/flicPrep.go:151.8,151.28 1 1
github.com/Ulbora/FlicPrep/flicPrep.go:151.28,153.3 1 0
github.com/Ulbora/FlicPrep/flicPrep.go:153.8,155.3 1 1
github.com/Ulbora/FlicPrep/flicPrep.go:159.98,169.34 7 1
github.com/Ulbora/FlicPrep/flicPrep.go:177.2,177.60 1 1
github.com/Ulbora/FlicPrep/flicPrep.go:181.2,197.16 3 1
github.com/Ulbora/FlicPrep/flicPrep.go:200.2,202.25 2 1
github.com/Ulbora/FlicPrep/flicPrep.go:169.34,173.3 3 1
github.com/Ulbora/FlicPrep/flicPrep.go:173.8,175.3 1 1
github.com/Ulbora/FlicPrep/flicPrep.go:177.60,180.3 2 1
github.com/Ulbora/FlicPrep/flicPrep.go:197.16,199.3 1 1
github.com/Ulbora/FlicPrep/flicPrep.go:206.40,208.2 1 1
