mode: set
github.com/Ulbora/FlicPrep/flicPrep.go:17.60,20.18 3 1
github.com/Ulbora/FlicPrep/flicPrep.go:65.2,65.13 1 1
github.com/Ulbora/FlicPrep/flicPrep.go:20.18,22.40 1 1
github.com/Ulbora/FlicPrep/flicPrep.go:56.3,56.31 1 1
github.com/Ulbora/FlicPrep/flicPrep.go:22.40,23.14 1 1
github.com/Ulbora/FlicPrep/flicPrep.go:27.4,27.55 1 1
github.com/Ulbora/FlicPrep/flicPrep.go:23.14,24.13 1 1
github.com/Ulbora/FlicPrep/flicPrep.go:27.55,33.24 4 1
github.com/Ulbora/FlicPrep/flicPrep.go:33.24,35.21 2 1
github.com/Ulbora/FlicPrep/flicPrep.go:35.21,36.27 1 1
github.com/Ulbora/FlicPrep/flicPrep.go:36.27,39.15 2 1
github.com/Ulbora/FlicPrep/flicPrep.go:39.15,41.9 1 1
github.com/Ulbora/FlicPrep/flicPrep.go:45.11,48.13 2 1
github.com/Ulbora/FlicPrep/flicPrep.go:48.13,50.7 1 1
github.com/Ulbora/FlicPrep/flicPrep.go:56.31,58.4 1 1
github.com/Ulbora/FlicPrep/flicPrep.go:68.58,93.23 16 1
github.com/Ulbora/FlicPrep/flicPrep.go:102.2,104.9 3 1
github.com/Ulbora/FlicPrep/flicPrep.go:112.2,112.17 1 1
github.com/Ulbora/FlicPrep/flicPrep.go:93.23,95.3 1 1
github.com/Ulbora/FlicPrep/flicPrep.go:95.8,97.3 1 1
github.com/Ulbora/FlicPrep/flicPrep.go:104.9,107.3 2 1
github.com/Ulbora/FlicPrep/flicPrep.go:115.49,119.21 3 1
github.com/Ulbora/FlicPrep/flicPrep.go:125.2,125.21 1 1
github.com/Ulbora/FlicPrep/flicPrep.go:133.2,133.21 1 1
github.com/Ulbora/FlicPrep/flicPrep.go:139.2,141.21 2 1
github.com/Ulbora/FlicPrep/flicPrep.go:152.2,152.12 1 1
github.com/Ulbora/FlicPrep/flicPrep.go:119.21,121.3 1 0
github.com/Ulbora/FlicPrep/flicPrep.go:121.8,123.3 1 1
github.com/Ulbora/FlicPrep/flicPrep.go:125.21,127.3 1 0
github.com/Ulbora/FlicPrep/flicPrep.go:127.8,127.28 1 1
github.com/Ulbora/FlicPrep/flicPrep.go:127.28,129.3 1 0
github.com/Ulbora/FlicPrep/flicPrep.go:129.8,131.3 1 1
github.com/Ulbora/FlicPrep/flicPrep.go:133.21,135.3 1 0
github.com/Ulbora/FlicPrep/flicPrep.go:135.8,137.3 1 1
github.com/Ulbora/FlicPrep/flicPrep.go:141.21,143.3 1 0
github.com/Ulbora/FlicPrep/flicPrep.go:143.8,143.28 1 1
github.com/Ulbora/FlicPrep/flicPrep.go:143.28,145.3 1 0
github.com/Ulbora/FlicPrep/flicPrep.go:145.8,145.28 1 1
github.com/Ulbora/FlicPrep/flicPrep.go:145.28,147.3 1 0
github.com/Ulbora/FlicPrep/flicPrep.go:147.8,147.28 1 1
github.com/Ulbora/FlicPrep/flicPrep.go:147.28,149.3 1 0
github.com/Ulbora/FlicPrep/flicPrep.go:149.8,151.3 1 1
github.com/Ulbora/FlicPrep/flicPrep.go:155.98,165.34 7 1
github.com/Ulbora/FlicPrep/flicPrep.go:173.2,173.60 1 1
github.com/Ulbora/FlicPrep/flicPrep.go:177.2,193.16 3 1
github.com/Ulbora/FlicPrep/flicPrep.go:196.2,198.25 2 1
github.com/Ulbora/FlicPrep/flicPrep.go:165.34,169.3 3 1
github.com/Ulbora/FlicPrep/flicPrep.go:169.8,171.3 1 1
github.com/Ulbora/FlicPrep/flicPrep.go:173.60,176.3 2 1
github.com/Ulbora/FlicPrep/flicPrep.go:193.16,195.3 1 1
github.com/Ulbora/FlicPrep/flicPrep.go:202.40,204.2 1 1
